0 info it worked if it ends with ok
1 verbose cli [ '/usr/local/bin/node', '/usr/local/bin/npm', 'install', 'NYC' ]
2 info using npm@2.15.8
3 info using node@v4.4.7
4 verbose install initial load of /Users/Suse/Documents/Coding/week10/road-to-code/package.json
5 verbose installManyTop reading scoped package data from /Users/Suse/Documents/Coding/week10/road-to-code/node_modules/chai/package.json
6 verbose installManyTop reading scoped package data from /Users/Suse/Documents/Coding/week10/road-to-code/node_modules/chai-webdriver/package.json
7 verbose installManyTop reading scoped package data from /Users/Suse/Documents/Coding/week10/road-to-code/node_modules/jasmine/package.json
8 verbose installManyTop reading scoped package data from /Users/Suse/Documents/Coding/week10/road-to-code/node_modules/jasmine-jquery/package.json
9 verbose installManyTop reading scoped package data from /Users/Suse/Documents/Coding/week10/road-to-code/node_modules/jasmine-node/package.json
10 verbose installManyTop reading scoped package data from /Users/Suse/Documents/Coding/week10/road-to-code/node_modules/mocha/package.json
11 verbose installManyTop reading scoped package data from /Users/Suse/Documents/Coding/week10/road-to-code/node_modules/selenium-webdriver/package.json
12 verbose installManyTop reading scoped package data from /Users/Suse/Documents/Coding/week10/road-to-code/node_modules/zombie/package.json
13 verbose installManyTop reading scoped package data from /Users/Suse/Documents/Coding/week10/road-to-code/node_modules/zombie-async/package.json
14 info package.json jasmine-node@1.14.5 No license field.
15 info package.json zombie-async@0.0.2 No license field.
16 verbose readDependencies loading dependencies from /Users/Suse/Documents/Coding/week10/road-to-code/package.json
17 silly cache add args [ 'NYC', null ]
18 verbose cache add spec NYC
19 silly cache add parsed spec Result {
19 silly cache add   raw: 'NYC',
19 silly cache add   scope: null,
19 silly cache add   name: 'NYC',
19 silly cache add   rawSpec: '',
19 silly cache add   spec: 'latest',
19 silly cache add   type: 'tag' }
20 silly addNamed NYC@latest
21 verbose addNamed "latest" is being treated as a dist-tag for NYC
22 info addNameTag [ 'NYC', 'latest' ]
23 silly mapToRegistry name NYC
24 silly mapToRegistry using default registry
25 silly mapToRegistry registry https://registry.npmjs.org/
26 silly mapToRegistry data Result {
26 silly mapToRegistry   raw: 'NYC',
26 silly mapToRegistry   scope: null,
26 silly mapToRegistry   name: 'NYC',
26 silly mapToRegistry   rawSpec: '',
26 silly mapToRegistry   spec: 'latest',
26 silly mapToRegistry   type: 'tag' }
27 silly mapToRegistry uri https://registry.npmjs.org/NYC
28 verbose addNameTag registry:https://registry.npmjs.org/NYC not in flight; fetching
29 verbose request uri https://registry.npmjs.org/NYC
30 verbose request no auth needed
31 info attempt registry request try #1 at 2:34:08 PM
32 verbose request id 718ccee8169f67eb
33 http request GET https://registry.npmjs.org/NYC
34 http 404 https://registry.npmjs.org/NYC
35 verbose headers { 'content-type': 'application/json',
35 verbose headers   'cache-control': 'max-age=0',
35 verbose headers   'content-length': '2',
35 verbose headers   'accept-ranges': 'bytes',
35 verbose headers   date: 'Thu, 15 Sep 2016 13:34:09 GMT',
35 verbose headers   via: '1.1 varnish',
35 verbose headers   age: '0',
35 verbose headers   connection: 'keep-alive',
35 verbose headers   'x-served-by': 'cache-lhr6339-LHR',
35 verbose headers   'x-cache': 'MISS',
35 verbose headers   'x-cache-hits': '0',
35 verbose headers   'x-timer': 'S1473946449.026751,VS0,VE168',
35 verbose headers   vary: 'Accept-Encoding' }
36 silly get cb [ 404,
36 silly get   { 'content-type': 'application/json',
36 silly get     'cache-control': 'max-age=0',
36 silly get     'content-length': '2',
36 silly get     'accept-ranges': 'bytes',
36 silly get     date: 'Thu, 15 Sep 2016 13:34:09 GMT',
36 silly get     via: '1.1 varnish',
36 silly get     age: '0',
36 silly get     connection: 'keep-alive',
36 silly get     'x-served-by': 'cache-lhr6339-LHR',
36 silly get     'x-cache': 'MISS',
36 silly get     'x-cache-hits': '0',
36 silly get     'x-timer': 'S1473946449.026751,VS0,VE168',
36 silly get     vary: 'Accept-Encoding' } ]
37 verbose stack Error: Registry returned 404 for GET on https://registry.npmjs.org/NYC
37 verbose stack     at makeError (/usr/local/lib/node_modules/npm/node_modules/npm-registry-client/lib/request.js:264:12)
37 verbose stack     at CachingRegistryClient.<anonymous> (/usr/local/lib/node_modules/npm/node_modules/npm-registry-client/lib/request.js:242:14)
37 verbose stack     at Request._callback (/usr/local/lib/node_modules/npm/node_modules/npm-registry-client/lib/request.js:172:14)
37 verbose stack     at Request.self.callback (/usr/local/lib/node_modules/npm/node_modules/request/request.js:200:22)
37 verbose stack     at emitTwo (events.js:87:13)
37 verbose stack     at Request.emit (events.js:172:7)
37 verbose stack     at Request.<anonymous> (/usr/local/lib/node_modules/npm/node_modules/request/request.js:1067:10)
37 verbose stack     at emitOne (events.js:82:20)
37 verbose stack     at Request.emit (events.js:169:7)
37 verbose stack     at IncomingMessage.<anonymous> (/usr/local/lib/node_modules/npm/node_modules/request/request.js:988:12)
38 verbose statusCode 404
39 verbose pkgid NYC
40 verbose cwd /Users/Suse/Documents/Coding/week10/road-to-code
41 error Darwin 15.6.0
42 error argv "/usr/local/bin/node" "/usr/local/bin/npm" "install" "NYC"
43 error node v4.4.7
44 error npm  v2.15.8
45 error code E404
46 error 404 Registry returned 404 for GET on https://registry.npmjs.org/NYC
46 error 404
46 error 404 'NYC' is not in the npm registry.
46 error 404 Your package name is not valid, because
46 error 404
46 error 404  1. name can no longer contain capital letters
46 error 404 It was specified as a dependency of 'road-to-code'
46 error 404
46 error 404 Note that you can also install from a
46 error 404 tarball, folder, http url, or git url.
47 verbose exit [ 1, true ]
